<?xml version="1.0" encoding="UTF-8"?>
<!-- Generated by org.testng.reporters.JUnitReportReporter -->
<testsuite hostname="Aswaniz" failures="0" tests="1" name="com.supermarket.tests.ManageProductTest" time="12.457" errors="0" timestamp="05 Feb 2023 22:47:19 GMT" skipped="0">
  <testcase classname="com.supermarket.tests.ManageProductTest" name="verify_AProductIsDeleted" time="12.457"/>
</testsuite> <!-- com.supermarket.tests.ManageProductTest -->
