<?xml version="1.0" encoding="UTF-8"?>
<!-- Generated by org.testng.reporters.JUnitReportReporter -->
<testsuite hostname="Aswaniz" failures="0" tests="1" name="com.supermarket.tests.PushNotificationsTest" time="12.728" errors="0" timestamp="05 Feb 2023 22:13:57 GMT" skipped="0">
  <testcase classname="com.supermarket.tests.PushNotificationsTest" name="verify_PushNotificationAlert" time="12.728"/>
</testsuite> <!-- com.supermarket.tests.PushNotificationsTest -->
