<?xml version="1.0" encoding="UTF-8"?>
<!-- Generated by org.testng.reporters.JUnitReportReporter -->
<testsuite hostname="Aswaniz" failures="0" tests="1" name="com.supermarket.tests.ManageUsersTest" time="9.322" errors="0" timestamp="06 Feb 2023 02:11:54 GMT" skipped="0">
  <testcase classname="com.supermarket.tests.ManageUsersTest" name="verify_ListUsersActivation" time="9.322"/>
</testsuite> <!-- com.supermarket.tests.ManageUsersTest -->
