<?xml version="1.0" encoding="UTF-8"?>
<!-- Generated by org.testng.reporters.JUnitReportReporter -->
<testsuite skipped="0" hostname="Aswaniz" name="com.supermarket.tests.LoginTest" tests="1" failures="0" timestamp="02 Feb 2023 13:26:34 GMT" time="5.812" errors="0">
  <testcase name="search_ListUser" time="5.812" classname="com.supermarket.tests.LoginTest"/>
</testsuite> <!-- com.supermarket.tests.LoginTest -->
